app/build/intermediates/manifest_merge_blame_file/debug/manifest-merger-blame-debug-report.txt
1<?xml version="1.0" encoding="utf-8"?>
2<manifest xmlns:android="http://schemas.android.com/apk/res/android"
3    package="com.example.se_2019"
4    android:versionCode="1"
5    android:versionName="1.0" >
6
7    <uses-sdk
8        android:minSdkVersion="15"
8-->src\main\AndroidManifest.xml
9        android:targetSdkVersion="29" />
9-->src\main\AndroidManifest.xml
10
11    <uses-permission android:name="android.permission.INTERNET" />
11-->src\main\AndroidManifest.xml:5:5-67
11-->src\main\AndroidManifest.xml:5:22-64
12
13    <application
13-->src\main\AndroidManifest.xml:7:5-45:19
14        android:allowBackup="true"
14-->src\main\AndroidManifest.xml:8:9-35
15        android:appComponentFactory="androidx.core.app.CoreComponentFactory"
15-->[androidx.core:core:1.1.0-alpha01] AndroidManifest.xml:22:18-86
16        android:debuggable="true"
17        android:icon="@mipmap/ic_launcher"
17-->src\main\AndroidManifest.xml:9:9-43
18        android:label=""
18-->src\main\AndroidManifest.xml:10:9-25
19        android:roundIcon="@mipmap/ic_launcher_round"
19-->src\main\AndroidManifest.xml:11:9-54
20        android:supportsRtl="true"
20-->src\main\AndroidManifest.xml:12:9-35
21        android:testOnly="true"
22        android:theme="@style/AppTheme" >
22-->src\main\AndroidManifest.xml:13:9-40
23        <activity android:name="com.example.se_2019.content_notice" />
23-->src\main\AndroidManifest.xml:14:9-61
23-->src\main\AndroidManifest.xml:14:19-49
24        <activity android:name="com.example.se_2019.content_search_room" />
24-->src\main\AndroidManifest.xml:15:9-57
24-->src\main\AndroidManifest.xml:15:19-54
25        <activity
25-->src\main\AndroidManifest.xml:16:9-19:59
26            android:name="com.example.se_2019.Activity.MyListAdapter"
26-->src\main\AndroidManifest.xml:17:13-51
27            android:label="@string/title_activity_my_list_adapter"
27-->src\main\AndroidManifest.xml:18:13-67
28            android:theme="@style/AppTheme.NoActionBar" />
28-->src\main\AndroidManifest.xml:19:13-56
29        <activity android:name="com.example.se_2019.Activity.RegisterActivity" />
29-->src\main\AndroidManifest.xml:20:9-63
29-->src\main\AndroidManifest.xml:20:19-60
30        <activity android:name="com.example.se_2019.Activity.LoginActivity" >
30-->src\main\AndroidManifest.xml:21:9-27:20
30-->src\main\AndroidManifest.xml:21:19-57
31            <intent-filter>
31-->src\main\AndroidManifest.xml:22:13-26:29
32                <action android:name="android.intent.action.MAIN" />
32-->src\main\AndroidManifest.xml:23:17-69
32-->src\main\AndroidManifest.xml:23:25-66
33
34                <category android:name="android.intent.category.LAUNCHER" />
34-->src\main\AndroidManifest.xml:25:17-77
34-->src\main\AndroidManifest.xml:25:27-74
35            </intent-filter>
36        </activity>
37        <activity android:name="com.example.se_2019.Activity.AddPostActivity" />
37-->src\main\AndroidManifest.xml:28:9-62
37-->src\main\AndroidManifest.xml:28:19-59
38        <activity
38-->src\main\AndroidManifest.xml:29:9-38:20
39            android:name="com.example.se_2019.Activity.AddRoomActivity"
39-->src\main\AndroidManifest.xml:30:13-53
40            android:label=""
40-->src\main\AndroidManifest.xml:31:13-29
41            android:theme="@style/AppTheme.NoActionBar" >
41-->src\main\AndroidManifest.xml:32:13-56
42            <intent-filter>
42-->src\main\AndroidManifest.xml:33:13-37:29
43                <action android:name="android.intent.action.ADDROOM" />
43-->src\main\AndroidManifest.xml:34:17-72
43-->src\main\AndroidManifest.xml:34:25-69
44
45                <category android:name="android.intent.category.LAUNCHER" />
45-->src\main\AndroidManifest.xml:25:17-77
45-->src\main\AndroidManifest.xml:25:27-74
46            </intent-filter>
47        </activity>
48        <activity android:name="com.example.se_2019.Activity.ForumActivity" />
48-->src\main\AndroidManifest.xml:39:9-60
48-->src\main\AndroidManifest.xml:39:19-57
49        <activity
49-->src\main\AndroidManifest.xml:40:9-43:59
50            android:name="com.example.se_2019.Activity.MainActivity"
50-->src\main\AndroidManifest.xml:41:13-50
51            android:label=""
51-->src\main\AndroidManifest.xml:42:13-29
52            android:theme="@style/AppTheme.NoActionBar" />
52-->src\main\AndroidManifest.xml:43:13-56
53        <activity android:name="com.example.se_2019.Activity.Preferences" />
53-->src\main\AndroidManifest.xml:44:9-58
53-->src\main\AndroidManifest.xml:44:19-55
54    </application>
55
56</manifest>